2025-03-24 10:54:30,039 [Worker-5: Loading available Gradle versions] INFO  o.e.b.c.i.u.g.PublishedGradleVersions - Gradle version information cache is not available. Remote download required.
2025-03-24 10:56:43,853 [ModalContext] INFO  o.e.m.c.i.e.AbstractTransferListenerAdapter - Downloading https://repo.maven.apache.org/maven2/org/apache/maven/archetypes/maven-archetype-quickstart/1.5/maven-archetype-quickstart-1.5.pom
2025-03-24 10:56:43,879 [ModalContext] INFO  o.e.m.c.i.e.AbstractTransferListenerAdapter - Downloaded https://repo.maven.apache.org/maven2/org/apache/maven/archetypes/maven-archetype-quickstart/1.5/maven-archetype-quickstart-1.5.pom
2025-03-24 10:56:44,008 [ModalContext] INFO  o.e.m.c.i.e.AbstractTransferListenerAdapter - Downloading https://repo.maven.apache.org/maven2/org/apache/maven/archetypes/maven-archetype-bundles/1.5/maven-archetype-bundles-1.5.pom
2025-03-24 10:56:44,026 [ModalContext] INFO  o.e.m.c.i.e.AbstractTransferListenerAdapter - Downloaded https://repo.maven.apache.org/maven2/org/apache/maven/archetypes/maven-archetype-bundles/1.5/maven-archetype-bundles-1.5.pom
2025-03-24 10:56:44,166 [ModalContext] INFO  o.e.m.c.i.e.AbstractTransferListenerAdapter - Downloading https://repo.maven.apache.org/maven2/org/apache/maven/archetypes/maven-archetype-quickstart/1.5/maven-archetype-quickstart-1.5.jar
2025-03-24 10:56:44,196 [ModalContext] INFO  o.e.m.c.i.e.AbstractTransferListenerAdapter - Downloaded https://repo.maven.apache.org/maven2/org/apache/maven/archetypes/maven-archetype-quickstart/1.5/maven-archetype-quickstart-1.5.jar
2025-03-24 10:57:13,584 [Worker-4: Launching mavenrun-5d07d6c8-151f-4c5f-a7d0-f31dc0470ee2] INFO  o.eclipse.m2e.core.internal.Bundles - getClasspathEntries(Bundle=org.eclipse.m2e.maven.runtime_3.9.900.20240824-1409 [298])
2025-03-24 10:57:13,587 [Worker-4: Launching mavenrun-5d07d6c8-151f-4c5f-a7d0-f31dc0470ee2] INFO  o.eclipse.m2e.core.internal.Bundles - 	Entry: C:\Users\lenovo\.p2\pool\plugins\org.eclipse.m2e.maven.runtime_3.9.900.20240824-1409
2025-03-24 10:57:13,587 [Worker-4: Launching mavenrun-5d07d6c8-151f-4c5f-a7d0-f31dc0470ee2] INFO  o.eclipse.m2e.core.internal.Bundles - 	Entry: C:\Users\lenovo\.p2\pool\plugins\org.eclipse.m2e.maven.runtime_3.9.900.20240824-1409\jars\aopalliance-1.0.jar
2025-03-24 10:57:13,588 [Worker-4: Launching mavenrun-5d07d6c8-151f-4c5f-a7d0-f31dc0470ee2] INFO  o.eclipse.m2e.core.internal.Bundles - 	Entry: C:\Users\lenovo\.p2\pool\plugins\org.eclipse.m2e.maven.runtime_3.9.900.20240824-1409\jars\guice-5.1.0.jar
2025-03-24 10:57:13,588 [Worker-4: Launching mavenrun-5d07d6c8-151f-4c5f-a7d0-f31dc0470ee2] INFO  o.eclipse.m2e.core.internal.Bundles - 	Entry: C:\Users\lenovo\.p2\pool\plugins\org.eclipse.m2e.maven.runtime_3.9.900.20240824-1409\jars\httpclient-4.5.14.jar
2025-03-24 10:57:13,588 [Worker-4: Launching mavenrun-5d07d6c8-151f-4c5f-a7d0-f31dc0470ee2] INFO  o.eclipse.m2e.core.internal.Bundles - 	Entry: C:\Users\lenovo\.p2\pool\plugins\org.eclipse.m2e.maven.runtime_3.9.900.20240824-1409\jars\httpcore-4.4.16.jar
2025-03-24 10:57:13,588 [Worker-4: Launching mavenrun-5d07d6c8-151f-4c5f-a7d0-f31dc0470ee2] INFO  o.eclipse.m2e.core.internal.Bundles - 	Entry: C:\Users\lenovo\.p2\pool\plugins\org.eclipse.m2e.maven.runtime_3.9.900.20240824-1409\jars\jansi-2.4.1.jar
2025-03-24 10:57:13,588 [Worker-4: Launching mavenrun-5d07d6c8-151f-4c5f-a7d0-f31dc0470ee2] INFO  o.eclipse.m2e.core.internal.Bundles - 	Entry: C:\Users\lenovo\.p2\pool\plugins\org.eclipse.m2e.maven.runtime_3.9.900.20240824-1409\jars\jcl-over-slf4j-1.7.36.jar
2025-03-24 10:57:13,588 [Worker-4: Launching mavenrun-5d07d6c8-151f-4c5f-a7d0-f31dc0470ee2] INFO  o.eclipse.m2e.core.internal.Bundles - 	Entry: C:\Users\lenovo\.p2\pool\plugins\org.eclipse.m2e.maven.runtime_3.9.900.20240824-1409\jars\maven-artifact-3.9.9.jar
2025-03-24 10:57:13,589 [Worker-4: Launching mavenrun-5d07d6c8-151f-4c5f-a7d0-f31dc0470ee2] INFO  o.eclipse.m2e.core.internal.Bundles - 	Entry: C:\Users\lenovo\.p2\pool\plugins\org.eclipse.m2e.maven.runtime_3.9.900.20240824-1409\jars\maven-builder-support-3.9.9.jar
2025-03-24 10:57:13,589 [Worker-4: Launching mavenrun-5d07d6c8-151f-4c5f-a7d0-f31dc0470ee2] INFO  o.eclipse.m2e.core.internal.Bundles - 	Entry: C:\Users\lenovo\.p2\pool\plugins\org.eclipse.m2e.maven.runtime_3.9.900.20240824-1409\jars\maven-compat-3.9.9.jar
2025-03-24 10:57:13,589 [Worker-4: Launching mavenrun-5d07d6c8-151f-4c5f-a7d0-f31dc0470ee2] INFO  o.eclipse.m2e.core.internal.Bundles - 	Entry: C:\Users\lenovo\.p2\pool\plugins\org.eclipse.m2e.maven.runtime_3.9.900.20240824-1409\jars\maven-core-3.9.9.jar
2025-03-24 10:57:13,589 [Worker-4: Launching mavenrun-5d07d6c8-151f-4c5f-a7d0-f31dc0470ee2] INFO  o.eclipse.m2e.core.internal.Bundles - 	Entry: C:\Users\lenovo\.p2\pool\plugins\org.eclipse.m2e.maven.runtime_3.9.900.20240824-1409\jars\maven-embedder-3.9.9.jar
2025-03-24 10:57:13,589 [Worker-4: Launching mavenrun-5d07d6c8-151f-4c5f-a7d0-f31dc0470ee2] INFO  o.eclipse.m2e.core.internal.Bundles - 	Entry: C:\Users\lenovo\.p2\pool\plugins\org.eclipse.m2e.maven.runtime_3.9.900.20240824-1409\jars\maven-model-3.9.9.jar
2025-03-24 10:57:13,589 [Worker-4: Launching mavenrun-5d07d6c8-151f-4c5f-a7d0-f31dc0470ee2] INFO  o.eclipse.m2e.core.internal.Bundles - 	Entry: C:\Users\lenovo\.p2\pool\plugins\org.eclipse.m2e.maven.runtime_3.9.900.20240824-1409\jars\maven-model-builder-3.9.9.jar
2025-03-24 10:57:13,590 [Worker-4: Launching mavenrun-5d07d6c8-151f-4c5f-a7d0-f31dc0470ee2] INFO  o.eclipse.m2e.core.internal.Bundles - 	Entry: C:\Users\lenovo\.p2\pool\plugins\org.eclipse.m2e.maven.runtime_3.9.900.20240824-1409\jars\maven-plugin-api-3.9.9.jar
2025-03-24 10:57:13,590 [Worker-4: Launching mavenrun-5d07d6c8-151f-4c5f-a7d0-f31dc0470ee2] INFO  o.eclipse.m2e.core.internal.Bundles - 	Entry: C:\Users\lenovo\.p2\pool\plugins\org.eclipse.m2e.maven.runtime_3.9.900.20240824-1409\jars\maven-repository-metadata-3.9.9.jar
2025-03-24 10:57:13,590 [Worker-4: Launching mavenrun-5d07d6c8-151f-4c5f-a7d0-f31dc0470ee2] INFO  o.eclipse.m2e.core.internal.Bundles - 	Entry: C:\Users\lenovo\.p2\pool\plugins\org.eclipse.m2e.maven.runtime_3.9.900.20240824-1409\jars\maven-resolver-api-1.9.22.jar
2025-03-24 10:57:13,590 [Worker-4: Launching mavenrun-5d07d6c8-151f-4c5f-a7d0-f31dc0470ee2] INFO  o.eclipse.m2e.core.internal.Bundles - 	Entry: C:\Users\lenovo\.p2\pool\plugins\org.eclipse.m2e.maven.runtime_3.9.900.20240824-1409\jars\maven-resolver-connector-basic-1.9.22.jar
2025-03-24 10:57:13,590 [Worker-4: Launching mavenrun-5d07d6c8-151f-4c5f-a7d0-f31dc0470ee2] INFO  o.eclipse.m2e.core.internal.Bundles - 	Entry: C:\Users\lenovo\.p2\pool\plugins\org.eclipse.m2e.maven.runtime_3.9.900.20240824-1409\jars\maven-resolver-impl-1.9.22.jar
2025-03-24 10:57:13,590 [Worker-4: Launching mavenrun-5d07d6c8-151f-4c5f-a7d0-f31dc0470ee2] INFO  o.eclipse.m2e.core.internal.Bundles - 	Entry: C:\Users\lenovo\.p2\pool\plugins\org.eclipse.m2e.maven.runtime_3.9.900.20240824-1409\jars\maven-resolver-named-locks-1.9.22.jar
2025-03-24 10:57:13,591 [Worker-4: Launching mavenrun-5d07d6c8-151f-4c5f-a7d0-f31dc0470ee2] INFO  o.eclipse.m2e.core.internal.Bundles - 	Entry: C:\Users\lenovo\.p2\pool\plugins\org.eclipse.m2e.maven.runtime_3.9.900.20240824-1409\jars\maven-resolver-provider-3.9.9.jar
2025-03-24 10:57:13,591 [Worker-4: Launching mavenrun-5d07d6c8-151f-4c5f-a7d0-f31dc0470ee2] INFO  o.eclipse.m2e.core.internal.Bundles - 	Entry: C:\Users\lenovo\.p2\pool\plugins\org.eclipse.m2e.maven.runtime_3.9.900.20240824-1409\jars\maven-resolver-spi-1.9.22.jar
2025-03-24 10:57:13,591 [Worker-4: Launching mavenrun-5d07d6c8-151f-4c5f-a7d0-f31dc0470ee2] INFO  o.eclipse.m2e.core.internal.Bundles - 	Entry: C:\Users\lenovo\.p2\pool\plugins\org.eclipse.m2e.maven.runtime_3.9.900.20240824-1409\jars\maven-resolver-transport-file-1.9.22.jar
2025-03-24 10:57:13,591 [Worker-4: Launching mavenrun-5d07d6c8-151f-4c5f-a7d0-f31dc0470ee2] INFO  o.eclipse.m2e.core.internal.Bundles - 	Entry: C:\Users\lenovo\.p2\pool\plugins\org.eclipse.m2e.maven.runtime_3.9.900.20240824-1409\jars\maven-resolver-transport-http-1.9.22.jar
2025-03-24 10:57:13,591 [Worker-4: Launching mavenrun-5d07d6c8-151f-4c5f-a7d0-f31dc0470ee2] INFO  o.eclipse.m2e.core.internal.Bundles - 	Entry: C:\Users\lenovo\.p2\pool\plugins\org.eclipse.m2e.maven.runtime_3.9.900.20240824-1409\jars\maven-resolver-transport-wagon-1.9.22.jar
2025-03-24 10:57:13,591 [Worker-4: Launching mavenrun-5d07d6c8-151f-4c5f-a7d0-f31dc0470ee2] INFO  o.eclipse.m2e.core.internal.Bundles - 	Entry: C:\Users\lenovo\.p2\pool\plugins\org.eclipse.m2e.maven.runtime_3.9.900.20240824-1409\jars\maven-resolver-util-1.9.22.jar
2025-03-24 10:57:13,592 [Worker-4: Launching mavenrun-5d07d6c8-151f-4c5f-a7d0-f31dc0470ee2] INFO  o.eclipse.m2e.core.internal.Bundles - 	Entry: C:\Users\lenovo\.p2\pool\plugins\org.eclipse.m2e.maven.runtime_3.9.900.20240824-1409\jars\maven-settings-3.9.9.jar
2025-03-24 10:57:13,592 [Worker-4: Launching mavenrun-5d07d6c8-151f-4c5f-a7d0-f31dc0470ee2] INFO  o.eclipse.m2e.core.internal.Bundles - 	Entry: C:\Users\lenovo\.p2\pool\plugins\org.eclipse.m2e.maven.runtime_3.9.900.20240824-1409\jars\maven-settings-builder-3.9.9.jar
2025-03-24 10:57:13,592 [Worker-4: Launching mavenrun-5d07d6c8-151f-4c5f-a7d0-f31dc0470ee2] INFO  o.eclipse.m2e.core.internal.Bundles - 	Entry: C:\Users\lenovo\.p2\pool\plugins\org.eclipse.m2e.maven.runtime_3.9.900.20240824-1409\jars\maven-shared-utils-3.4.2.jar
2025-03-24 10:57:13,593 [Worker-4: Launching mavenrun-5d07d6c8-151f-4c5f-a7d0-f31dc0470ee2] INFO  o.eclipse.m2e.core.internal.Bundles - 	Entry: C:\Users\lenovo\.p2\pool\plugins\org.eclipse.m2e.maven.runtime_3.9.900.20240824-1409\jars\org.eclipse.sisu.inject-0.9.0.M3.jar
2025-03-24 10:57:13,593 [Worker-4: Launching mavenrun-5d07d6c8-151f-4c5f-a7d0-f31dc0470ee2] INFO  o.eclipse.m2e.core.internal.Bundles - 	Entry: C:\Users\lenovo\.p2\pool\plugins\org.eclipse.m2e.maven.runtime_3.9.900.20240824-1409\jars\org.eclipse.sisu.plexus-0.9.0.M3.jar
2025-03-24 10:57:13,593 [Worker-4: Launching mavenrun-5d07d6c8-151f-4c5f-a7d0-f31dc0470ee2] INFO  o.eclipse.m2e.core.internal.Bundles - 	Entry: C:\Users\lenovo\.p2\pool\plugins\org.eclipse.m2e.maven.runtime_3.9.900.20240824-1409\jars\plexus-build-api-0.0.7.jar
2025-03-24 10:57:13,593 [Worker-4: Launching mavenrun-5d07d6c8-151f-4c5f-a7d0-f31dc0470ee2] INFO  o.eclipse.m2e.core.internal.Bundles - 	Entry: C:\Users\lenovo\.p2\pool\plugins\org.eclipse.m2e.maven.runtime_3.9.900.20240824-1409\jars\plexus-build-api-1.2.0.jar
2025-03-24 10:57:13,593 [Worker-4: Launching mavenrun-5d07d6c8-151f-4c5f-a7d0-f31dc0470ee2] INFO  o.eclipse.m2e.core.internal.Bundles - 	Entry: C:\Users\lenovo\.p2\pool\plugins\org.eclipse.m2e.maven.runtime_3.9.900.20240824-1409\jars\plexus-cipher-2.0.jar
2025-03-24 10:57:13,593 [Worker-4: Launching mavenrun-5d07d6c8-151f-4c5f-a7d0-f31dc0470ee2] INFO  o.eclipse.m2e.core.internal.Bundles - 	Entry: C:\Users\lenovo\.p2\pool\plugins\org.eclipse.m2e.maven.runtime_3.9.900.20240824-1409\jars\plexus-classworlds-2.8.0.jar
2025-03-24 10:57:13,594 [Worker-4: Launching mavenrun-5d07d6c8-151f-4c5f-a7d0-f31dc0470ee2] INFO  o.eclipse.m2e.core.internal.Bundles - 	Entry: C:\Users\lenovo\.p2\pool\plugins\org.eclipse.m2e.maven.runtime_3.9.900.20240824-1409\jars\plexus-component-annotations-2.1.0.jar
2025-03-24 10:57:13,594 [Worker-4: Launching mavenrun-5d07d6c8-151f-4c5f-a7d0-f31dc0470ee2] INFO  o.eclipse.m2e.core.internal.Bundles - 	Entry: C:\Users\lenovo\.p2\pool\plugins\org.eclipse.m2e.maven.runtime_3.9.900.20240824-1409\jars\plexus-interpolation-1.27.jar
2025-03-24 10:57:13,594 [Worker-4: Launching mavenrun-5d07d6c8-151f-4c5f-a7d0-f31dc0470ee2] INFO  o.eclipse.m2e.core.internal.Bundles - 	Entry: C:\Users\lenovo\.p2\pool\plugins\org.eclipse.m2e.maven.runtime_3.9.900.20240824-1409\jars\plexus-sec-dispatcher-2.0.jar
2025-03-24 10:57:13,594 [Worker-4: Launching mavenrun-5d07d6c8-151f-4c5f-a7d0-f31dc0470ee2] INFO  o.eclipse.m2e.core.internal.Bundles - 	Entry: C:\Users\lenovo\.p2\pool\plugins\org.eclipse.m2e.maven.runtime_3.9.900.20240824-1409\jars\plexus-utils-3.5.1.jar
2025-03-24 10:57:13,594 [Worker-4: Launching mavenrun-5d07d6c8-151f-4c5f-a7d0-f31dc0470ee2] INFO  o.eclipse.m2e.core.internal.Bundles - 	Entry: C:\Users\lenovo\.p2\pool\plugins\org.eclipse.m2e.maven.runtime_3.9.900.20240824-1409\jars\plexus-xml-3.0.1.jar
2025-03-24 10:57:13,595 [Worker-4: Launching mavenrun-5d07d6c8-151f-4c5f-a7d0-f31dc0470ee2] INFO  o.eclipse.m2e.core.internal.Bundles - 	Entry: C:\Users\lenovo\.p2\pool\plugins\org.eclipse.m2e.maven.runtime_3.9.900.20240824-1409\jars\wagon-file-3.5.3.jar
2025-03-24 10:57:13,595 [Worker-4: Launching mavenrun-5d07d6c8-151f-4c5f-a7d0-f31dc0470ee2] INFO  o.eclipse.m2e.core.internal.Bundles - 	Entry: C:\Users\lenovo\.p2\pool\plugins\org.eclipse.m2e.maven.runtime_3.9.900.20240824-1409\jars\wagon-http-3.5.3.jar
2025-03-24 10:57:13,595 [Worker-4: Launching mavenrun-5d07d6c8-151f-4c5f-a7d0-f31dc0470ee2] INFO  o.eclipse.m2e.core.internal.Bundles - 	Entry: C:\Users\lenovo\.p2\pool\plugins\org.eclipse.m2e.maven.runtime_3.9.900.20240824-1409\jars\wagon-http-shared-3.5.3.jar
2025-03-24 10:57:13,595 [Worker-4: Launching mavenrun-5d07d6c8-151f-4c5f-a7d0-f31dc0470ee2] INFO  o.eclipse.m2e.core.internal.Bundles - 	Entry: C:\Users\lenovo\.p2\pool\plugins\org.eclipse.m2e.maven.runtime_3.9.900.20240824-1409\jars\wagon-provider-api-3.5.3.jar
2025-03-24 10:57:13,596 [Worker-4: Launching mavenrun-5d07d6c8-151f-4c5f-a7d0-f31dc0470ee2] INFO  o.eclipse.m2e.core.internal.Bundles - getClasspathEntries(Bundle=com.google.guava_33.3.1.jre [10])
2025-03-24 10:57:13,597 [Worker-4: Launching mavenrun-5d07d6c8-151f-4c5f-a7d0-f31dc0470ee2] INFO  o.eclipse.m2e.core.internal.Bundles - 	Entry: C:\Users\lenovo\.p2\pool\plugins\com.google.guava_33.3.1.jre.jar
2025-03-24 10:57:13,597 [Worker-4: Launching mavenrun-5d07d6c8-151f-4c5f-a7d0-f31dc0470ee2] INFO  o.eclipse.m2e.core.internal.Bundles - getClasspathEntries(Bundle=slf4j.api_2.0.16 [522])
2025-03-24 10:57:13,597 [Worker-4: Launching mavenrun-5d07d6c8-151f-4c5f-a7d0-f31dc0470ee2] INFO  o.eclipse.m2e.core.internal.Bundles - 	Entry: C:\Users\lenovo\.p2\pool\plugins\slf4j.api_2.0.16.jar
2025-03-24 10:57:13,597 [Worker-4: Launching mavenrun-5d07d6c8-151f-4c5f-a7d0-f31dc0470ee2] INFO  o.eclipse.m2e.core.internal.Bundles - getClasspathEntries(Bundle=jakarta.inject.jakarta.inject-api_1.0.5 [22])
2025-03-24 10:57:13,598 [Worker-4: Launching mavenrun-5d07d6c8-151f-4c5f-a7d0-f31dc0470ee2] INFO  o.eclipse.m2e.core.internal.Bundles - 	Entry: C:\Users\lenovo\.p2\pool\plugins\jakarta.inject.jakarta.inject-api_1.0.5.jar
2025-03-24 10:57:13,598 [Worker-4: Launching mavenrun-5d07d6c8-151f-4c5f-a7d0-f31dc0470ee2] INFO  o.eclipse.m2e.core.internal.Bundles - getClasspathEntries(Bundle=jakarta.annotation-api_1.3.5 [20])
2025-03-24 10:57:13,598 [Worker-4: Launching mavenrun-5d07d6c8-151f-4c5f-a7d0-f31dc0470ee2] INFO  o.eclipse.m2e.core.internal.Bundles - 	Entry: C:\Users\lenovo\.p2\pool\plugins\jakarta.annotation-api_1.3.5.jar
2025-03-24 10:57:13,598 [Worker-4: Launching mavenrun-5d07d6c8-151f-4c5f-a7d0-f31dc0470ee2] INFO  o.eclipse.m2e.core.internal.Bundles - getClasspathEntries(Bundle=org.apache.commons.cli_1.9.0 [47])
2025-03-24 10:57:13,598 [Worker-4: Launching mavenrun-5d07d6c8-151f-4c5f-a7d0-f31dc0470ee2] INFO  o.eclipse.m2e.core.internal.Bundles - 	Entry: C:\Users\lenovo\.p2\pool\plugins\org.apache.commons.cli_1.9.0.jar
2025-03-24 10:57:13,598 [Worker-4: Launching mavenrun-5d07d6c8-151f-4c5f-a7d0-f31dc0470ee2] INFO  o.eclipse.m2e.core.internal.Bundles - getClasspathEntries(Bundle=org.apache.commons.commons-codec_1.16.0 [50])
2025-03-24 10:57:13,599 [Worker-4: Launching mavenrun-5d07d6c8-151f-4c5f-a7d0-f31dc0470ee2] INFO  o.eclipse.m2e.core.internal.Bundles - 	Entry: C:\Users\lenovo\.p2\pool\plugins\org.apache.commons.commons-codec_1.16.0.jar
2025-03-24 10:57:13,599 [Worker-4: Launching mavenrun-5d07d6c8-151f-4c5f-a7d0-f31dc0470ee2] INFO  o.eclipse.m2e.core.internal.Bundles - getClasspathEntries(Bundle=com.google.guava.failureaccess_1.0.2 [11])
2025-03-24 10:57:13,599 [Worker-4: Launching mavenrun-5d07d6c8-151f-4c5f-a7d0-f31dc0470ee2] INFO  o.eclipse.m2e.core.internal.Bundles - 	Entry: C:\Users\lenovo\.p2\pool\plugins\com.google.guava.failureaccess_1.0.2.jar
2025-03-24 10:57:13,605 [Worker-4: Launching mavenrun-5d07d6c8-151f-4c5f-a7d0-f31dc0470ee2] INFO  o.e.m.i.launch.MavenLaunchDelegate - Run build in "C:\Users\lenovo\AppData\Local\Temp\m2e-archetypeGenerator10053160183260986972":
2025-03-24 10:57:13,610 [Worker-4: Launching mavenrun-5d07d6c8-151f-4c5f-a7d0-f31dc0470ee2] INFO  o.e.m.i.launch.MavenLaunchDelegate -  mvn  -DjavaCompilerVersion=17 -DjunitVersion=5.11.0 -DarchetypeGroupId=org.apache.maven.archetypes -DarchetypeArtifactId=maven-archetype-quickstart -DarchetypeVersion=1.5 -DgroupId=LAB6 -DartifactId=program6 -Dversion=0.0.1-SNAPSHOT -Dpackage=LAB6.program6 -DoutputDirectory=C:\Users\lenovo\Documents\Devops_Lab\LAB6 -Dstyle.color=always -U archetype:generate
2025-03-24 10:57:25,433 [Worker-22: Creating maven-archetype-quickstart] INFO  o.e.m.c.i.p.ProjectConfigurationManager - Collecting project info '/pom.xml' C:\Users\lenovo\Documents\Devops_Lab\LAB6\program6\pom.xml
2025-03-24 10:57:25,931 [Worker-22: Creating maven-archetype-quickstart] INFO  o.e.m.c.i.e.AbstractTransferListenerAdapter - Downloading https://repo.maven.apache.org/maven2/org/apache/maven/plugins/maven-clean-plugin/3.4.0/maven-clean-plugin-3.4.0.jar
2025-03-24 10:57:25,969 [Worker-22: Creating maven-archetype-quickstart] INFO  o.e.m.c.i.e.AbstractTransferListenerAdapter - Downloaded https://repo.maven.apache.org/maven2/org/apache/maven/plugins/maven-clean-plugin/3.4.0/maven-clean-plugin-3.4.0.jar
2025-03-24 10:57:26,055 [Worker-22: Creating maven-archetype-quickstart] INFO  o.e.m.c.i.e.AbstractTransferListenerAdapter - Downloading https://repo.maven.apache.org/maven2/org/apache/maven/plugins/maven-surefire-plugin/3.3.0/maven-surefire-plugin-3.3.0.jar
2025-03-24 10:57:26,083 [Worker-22: Creating maven-archetype-quickstart] INFO  o.e.m.c.i.e.AbstractTransferListenerAdapter - Downloaded https://repo.maven.apache.org/maven2/org/apache/maven/plugins/maven-surefire-plugin/3.3.0/maven-surefire-plugin-3.3.0.jar
2025-03-24 10:57:26,250 [Worker-22: Creating maven-archetype-quickstart] INFO  o.e.m.c.i.e.AbstractTransferListenerAdapter - Downloading https://repo.maven.apache.org/maven2/org/apache/maven/plugins/maven-jar-plugin/3.4.2/maven-jar-plugin-3.4.2.jar
2025-03-24 10:57:26,289 [Worker-22: Creating maven-archetype-quickstart] INFO  o.e.m.c.i.e.AbstractTransferListenerAdapter - Downloaded https://repo.maven.apache.org/maven2/org/apache/maven/plugins/maven-jar-plugin/3.4.2/maven-jar-plugin-3.4.2.jar
2025-03-24 10:57:26,537 [Worker-22: Creating maven-archetype-quickstart] INFO  o.e.m.c.i.l.LifecycleMappingFactory - Using org.eclipse.m2e.jdt.JarLifecycleMapping lifecycle mapping for MavenProject: LAB6:program6:0.0.1-SNAPSHOT @ C:\Users\lenovo\Documents\Devops_Lab\LAB6\program6\pom.xml.
2025-03-24 10:57:26,667 [Worker-22: Creating maven-archetype-quickstart] INFO  o.e.m.c.i.e.AbstractTransferListenerAdapter - Downloading https://repo.maven.apache.org/maven2/org/junit/jupiter/junit-jupiter-api/5.11.0/junit-jupiter-api-5.11.0.pom
2025-03-24 10:57:26,670 [Worker-22: Creating maven-archetype-quickstart] INFO  o.e.m.c.i.e.AbstractTransferListenerAdapter - Downloaded https://repo.maven.apache.org/maven2/org/junit/jupiter/junit-jupiter-api/5.11.0/junit-jupiter-api-5.11.0.pom
2025-03-24 10:57:26,773 [Worker-22: Creating maven-archetype-quickstart] INFO  o.e.m.c.i.e.AbstractTransferListenerAdapter - Downloading https://repo.maven.apache.org/maven2/org/junit/platform/junit-platform-commons/1.11.0/junit-platform-commons-1.11.0.pom
2025-03-24 10:57:26,777 [Worker-22: Creating maven-archetype-quickstart] INFO  o.e.m.c.i.e.AbstractTransferListenerAdapter - Downloaded https://repo.maven.apache.org/maven2/org/junit/platform/junit-platform-commons/1.11.0/junit-platform-commons-1.11.0.pom
2025-03-24 10:57:26,872 [Worker-22: Creating maven-archetype-quickstart] INFO  o.e.m.c.i.e.AbstractTransferListenerAdapter - Downloading https://repo.maven.apache.org/maven2/org/junit/jupiter/junit-jupiter-params/5.11.0/junit-jupiter-params-5.11.0.pom
2025-03-24 10:57:26,884 [Worker-22: Creating maven-archetype-quickstart] INFO  o.e.m.c.i.e.AbstractTransferListenerAdapter - Downloaded https://repo.maven.apache.org/maven2/org/junit/jupiter/junit-jupiter-params/5.11.0/junit-jupiter-params-5.11.0.pom
2025-03-24 10:57:26,969 [Worker-22: Creating maven-archetype-quickstart] INFO  o.e.m.c.i.e.AbstractTransferListenerAdapter - Downloading https://repo.maven.apache.org/maven2/org/junit/jupiter/junit-jupiter-api/5.11.0/junit-jupiter-api-5.11.0.jar
2025-03-24 10:57:27,141 [Worker-22: Creating maven-archetype-quickstart] INFO  o.e.m.c.i.e.AbstractTransferListenerAdapter - Downloaded https://repo.maven.apache.org/maven2/org/junit/jupiter/junit-jupiter-api/5.11.0/junit-jupiter-api-5.11.0.jar
2025-03-24 10:57:27,217 [BasicRepositoryConnector-repo.maven.apache.org-0-0] INFO  o.e.m.c.i.e.AbstractTransferListenerAdapter - Downloading https://repo.maven.apache.org/maven2/org/junit/platform/junit-platform-commons/1.11.0/junit-platform-commons-1.11.0.jar
2025-03-24 10:57:27,290 [BasicRepositoryConnector-repo.maven.apache.org-0-0] INFO  o.e.m.c.i.e.AbstractTransferListenerAdapter - Downloaded https://repo.maven.apache.org/maven2/org/junit/platform/junit-platform-commons/1.11.0/junit-platform-commons-1.11.0.jar
2025-03-24 10:57:27,370 [BasicRepositoryConnector-repo.maven.apache.org-0-1] INFO  o.e.m.c.i.e.AbstractTransferListenerAdapter - Downloading https://repo.maven.apache.org/maven2/org/junit/jupiter/junit-jupiter-params/5.11.0/junit-jupiter-params-5.11.0.jar
2025-03-24 10:57:27,685 [BasicRepositoryConnector-repo.maven.apache.org-0-1] INFO  o.e.m.c.i.e.AbstractTransferListenerAdapter - Downloaded https://repo.maven.apache.org/maven2/org/junit/jupiter/junit-jupiter-params/5.11.0/junit-jupiter-params-5.11.0.jar
2025-03-24 10:57:27,796 [Worker-22: Creating maven-archetype-quickstart] INFO  o.e.m.c.i.e.AbstractTransferListenerAdapter - Downloading https://repo.maven.apache.org/maven2/org/apache/maven/plugins/maven-surefire-plugin/3.3.0/maven-surefire-plugin-3.3.0.pom
2025-03-24 10:57:27,810 [Worker-22: Creating maven-archetype-quickstart] INFO  o.e.m.c.i.e.AbstractTransferListenerAdapter - Downloaded https://repo.maven.apache.org/maven2/org/apache/maven/plugins/maven-surefire-plugin/3.3.0/maven-surefire-plugin-3.3.0.pom
2025-03-24 10:57:27,884 [Worker-22: Creating maven-archetype-quickstart] INFO  o.e.m.c.i.e.AbstractTransferListenerAdapter - Downloading https://repo.maven.apache.org/maven2/org/apache/maven/surefire/surefire/3.3.0/surefire-3.3.0.pom
2025-03-24 10:57:27,897 [Worker-22: Creating maven-archetype-quickstart] INFO  o.e.m.c.i.e.AbstractTransferListenerAdapter - Downloaded https://repo.maven.apache.org/maven2/org/apache/maven/surefire/surefire/3.3.0/surefire-3.3.0.pom
2025-03-24 10:57:27,999 [Worker-22: Creating maven-archetype-quickstart] INFO  o.e.m.c.i.e.AbstractTransferListenerAdapter - Downloading https://repo.maven.apache.org/maven2/org/apache/maven/plugins/maven-jar-plugin/3.4.2/maven-jar-plugin-3.4.2.pom
2025-03-24 10:57:28,004 [Worker-22: Creating maven-archetype-quickstart] INFO  o.e.m.c.i.e.AbstractTransferListenerAdapter - Downloaded https://repo.maven.apache.org/maven2/org/apache/maven/plugins/maven-jar-plugin/3.4.2/maven-jar-plugin-3.4.2.pom
2025-03-24 10:57:28,401 [Worker-22: Creating maven-archetype-quickstart] INFO  o.e.m.j.i.AbstractJavaProjectConfigurator - Adding source folder /program6/src/main/java
2025-03-24 10:57:28,403 [Worker-22: Creating maven-archetype-quickstart] INFO  o.e.m.j.i.AbstractJavaProjectConfigurator - Adding resource folder /program6/src/main/resources
2025-03-24 10:57:28,408 [Worker-22: Creating maven-archetype-quickstart] INFO  o.e.m.j.i.AbstractJavaProjectConfigurator - Adding source folder /program6/src/test/java
2025-03-24 10:57:28,409 [Worker-22: Creating maven-archetype-quickstart] INFO  o.e.m.j.i.AbstractJavaProjectConfigurator - Adding resource folder /program6/src/test/resources
2025-03-24 10:57:28,724 [Worker-22: Creating maven-archetype-quickstart] INFO  o.e.m.c.i.p.ProjectConfigurationManager - Imported and configured 1 project(s) in 3 sec
2025-03-24 10:57:29,392 [Worker-4: Building] INFO  o.a.m.s.f.DefaultMavenResourcesFiltering - skip non existing resourceDirectory C:\Users\lenovo\Documents\Devops_Lab\LAB6\program6\src\main\resources
2025-03-24 10:57:29,396 [Worker-4: Building] INFO  o.a.m.s.f.DefaultMavenResourcesFiltering - skip non existing resourceDirectory C:\Users\lenovo\Documents\Devops_Lab\LAB6\program6\src\test\resources
2025-03-24 10:57:29,523 [Worker-26: Download sources and javadoc] INFO  o.e.m.c.i.e.AbstractTransferListenerAdapter - Downloading https://repo.maven.apache.org/maven2/org/junit/jupiter/junit-jupiter-api/5.11.0/junit-jupiter-api-5.11.0-sources.jar
2025-03-24 10:57:29,751 [Worker-26: Download sources and javadoc] INFO  o.e.m.c.i.e.AbstractTransferListenerAdapter - Downloaded https://repo.maven.apache.org/maven2/org/junit/jupiter/junit-jupiter-api/5.11.0/junit-jupiter-api-5.11.0-sources.jar
2025-03-24 10:57:29,758 [Worker-26: Download sources and javadoc] INFO  o.e.m.j.internal.DownloadSourcesJob - Downloaded sources for org.junit.jupiter:junit-jupiter-api:5.11.0
2025-03-24 10:57:30,003 [Worker-26: Download sources and javadoc] INFO  o.e.m.c.i.e.AbstractTransferListenerAdapter - Downloading https://repo.maven.apache.org/maven2/org/opentest4j/opentest4j/1.3.0/opentest4j-1.3.0-sources.jar
2025-03-24 10:57:30,007 [Worker-26: Download sources and javadoc] INFO  o.e.m.c.i.e.AbstractTransferListenerAdapter - Downloaded https://repo.maven.apache.org/maven2/org/opentest4j/opentest4j/1.3.0/opentest4j-1.3.0-sources.jar
2025-03-24 10:57:30,012 [Worker-26: Download sources and javadoc] INFO  o.e.m.j.internal.DownloadSourcesJob - Downloaded sources for org.opentest4j:opentest4j:1.3.0
2025-03-24 10:57:30,227 [Worker-26: Download sources and javadoc] INFO  o.e.m.c.i.e.AbstractTransferListenerAdapter - Downloading https://repo.maven.apache.org/maven2/org/junit/platform/junit-platform-commons/1.11.0/junit-platform-commons-1.11.0-sources.jar
2025-03-24 10:57:30,332 [Worker-26: Download sources and javadoc] INFO  o.e.m.c.i.e.AbstractTransferListenerAdapter - Downloaded https://repo.maven.apache.org/maven2/org/junit/platform/junit-platform-commons/1.11.0/junit-platform-commons-1.11.0-sources.jar
2025-03-24 10:57:30,339 [Worker-26: Download sources and javadoc] INFO  o.e.m.j.internal.DownloadSourcesJob - Downloaded sources for org.junit.platform:junit-platform-commons:1.11.0
2025-03-24 10:57:30,585 [Worker-26: Download sources and javadoc] INFO  o.e.m.c.i.e.AbstractTransferListenerAdapter - Downloading https://repo.maven.apache.org/maven2/org/apiguardian/apiguardian-api/1.1.2/apiguardian-api-1.1.2-sources.jar
2025-03-24 10:57:30,591 [Worker-26: Download sources and javadoc] INFO  o.e.m.c.i.e.AbstractTransferListenerAdapter - Downloaded https://repo.maven.apache.org/maven2/org/apiguardian/apiguardian-api/1.1.2/apiguardian-api-1.1.2-sources.jar
2025-03-24 10:57:30,597 [Worker-26: Download sources and javadoc] INFO  o.e.m.j.internal.DownloadSourcesJob - Downloaded sources for org.apiguardian:apiguardian-api:1.1.2
2025-03-24 10:57:30,827 [Worker-26: Download sources and javadoc] INFO  o.e.m.c.i.e.AbstractTransferListenerAdapter - Downloading https://repo.maven.apache.org/maven2/org/junit/jupiter/junit-jupiter-params/5.11.0/junit-jupiter-params-5.11.0-sources.jar
2025-03-24 10:57:30,967 [Worker-26: Download sources and javadoc] INFO  o.e.m.c.i.e.AbstractTransferListenerAdapter - Downloaded https://repo.maven.apache.org/maven2/org/junit/jupiter/junit-jupiter-params/5.11.0/junit-jupiter-params-5.11.0-sources.jar
2025-03-24 10:57:30,974 [Worker-26: Download sources and javadoc] INFO  o.e.m.j.internal.DownloadSourcesJob - Downloaded sources for org.junit.jupiter:junit-jupiter-params:5.11.0
2025-03-24 10:57:44,490 [main] INFO  o.e.m2e.actions.ExecutePomAction - Creating new launch configuration
2025-03-24 10:57:59,025 [Worker-6: Launching program6] INFO  o.eclipse.m2e.core.internal.Bundles - getClasspathEntries(Bundle=org.eclipse.m2e.maven.runtime_3.9.900.20240824-1409 [298])
2025-03-24 10:57:59,026 [Worker-6: Launching program6] INFO  o.eclipse.m2e.core.internal.Bundles - 	Entry: C:\Users\lenovo\.p2\pool\plugins\org.eclipse.m2e.maven.runtime_3.9.900.20240824-1409
2025-03-24 10:57:59,026 [Worker-6: Launching program6] INFO  o.eclipse.m2e.core.internal.Bundles - 	Entry: C:\Users\lenovo\.p2\pool\plugins\org.eclipse.m2e.maven.runtime_3.9.900.20240824-1409\jars\aopalliance-1.0.jar
2025-03-24 10:57:59,026 [Worker-6: Launching program6] INFO  o.eclipse.m2e.core.internal.Bundles - 	Entry: C:\Users\lenovo\.p2\pool\plugins\org.eclipse.m2e.maven.runtime_3.9.900.20240824-1409\jars\guice-5.1.0.jar
2025-03-24 10:57:59,027 [Worker-6: Launching program6] INFO  o.eclipse.m2e.core.internal.Bundles - 	Entry: C:\Users\lenovo\.p2\pool\plugins\org.eclipse.m2e.maven.runtime_3.9.900.20240824-1409\jars\httpclient-4.5.14.jar
2025-03-24 10:57:59,027 [Worker-6: Launching program6] INFO  o.eclipse.m2e.core.internal.Bundles - 	Entry: C:\Users\lenovo\.p2\pool\plugins\org.eclipse.m2e.maven.runtime_3.9.900.20240824-1409\jars\httpcore-4.4.16.jar
2025-03-24 10:57:59,027 [Worker-6: Launching program6] INFO  o.eclipse.m2e.core.internal.Bundles - 	Entry: C:\Users\lenovo\.p2\pool\plugins\org.eclipse.m2e.maven.runtime_3.9.900.20240824-1409\jars\jansi-2.4.1.jar
2025-03-24 10:57:59,027 [Worker-6: Launching program6] INFO  o.eclipse.m2e.core.internal.Bundles - 	Entry: C:\Users\lenovo\.p2\pool\plugins\org.eclipse.m2e.maven.runtime_3.9.900.20240824-1409\jars\jcl-over-slf4j-1.7.36.jar
2025-03-24 10:57:59,027 [Worker-6: Launching program6] INFO  o.eclipse.m2e.core.internal.Bundles - 	Entry: C:\Users\lenovo\.p2\pool\plugins\org.eclipse.m2e.maven.runtime_3.9.900.20240824-1409\jars\maven-artifact-3.9.9.jar
2025-03-24 10:57:59,028 [Worker-6: Launching program6] INFO  o.eclipse.m2e.core.internal.Bundles - 	Entry: C:\Users\lenovo\.p2\pool\plugins\org.eclipse.m2e.maven.runtime_3.9.900.20240824-1409\jars\maven-builder-support-3.9.9.jar
2025-03-24 10:57:59,028 [Worker-6: Launching program6] INFO  o.eclipse.m2e.core.internal.Bundles - 	Entry: C:\Users\lenovo\.p2\pool\plugins\org.eclipse.m2e.maven.runtime_3.9.900.20240824-1409\jars\maven-compat-3.9.9.jar
2025-03-24 10:57:59,028 [Worker-6: Launching program6] INFO  o.eclipse.m2e.core.internal.Bundles - 	Entry: C:\Users\lenovo\.p2\pool\plugins\org.eclipse.m2e.maven.runtime_3.9.900.20240824-1409\jars\maven-core-3.9.9.jar
2025-03-24 10:57:59,028 [Worker-6: Launching program6] INFO  o.eclipse.m2e.core.internal.Bundles - 	Entry: C:\Users\lenovo\.p2\pool\plugins\org.eclipse.m2e.maven.runtime_3.9.900.20240824-1409\jars\maven-embedder-3.9.9.jar
2025-03-24 10:57:59,028 [Worker-6: Launching program6] INFO  o.eclipse.m2e.core.internal.Bundles - 	Entry: C:\Users\lenovo\.p2\pool\plugins\org.eclipse.m2e.maven.runtime_3.9.900.20240824-1409\jars\maven-model-3.9.9.jar
2025-03-24 10:57:59,029 [Worker-6: Launching program6] INFO  o.eclipse.m2e.core.internal.Bundles - 	Entry: C:\Users\lenovo\.p2\pool\plugins\org.eclipse.m2e.maven.runtime_3.9.900.20240824-1409\jars\maven-model-builder-3.9.9.jar
2025-03-24 10:57:59,029 [Worker-6: Launching program6] INFO  o.eclipse.m2e.core.internal.Bundles - 	Entry: C:\Users\lenovo\.p2\pool\plugins\org.eclipse.m2e.maven.runtime_3.9.900.20240824-1409\jars\maven-plugin-api-3.9.9.jar
2025-03-24 10:57:59,029 [Worker-6: Launching program6] INFO  o.eclipse.m2e.core.internal.Bundles - 	Entry: C:\Users\lenovo\.p2\pool\plugins\org.eclipse.m2e.maven.runtime_3.9.900.20240824-1409\jars\maven-repository-metadata-3.9.9.jar
2025-03-24 10:57:59,029 [Worker-6: Launching program6] INFO  o.eclipse.m2e.core.internal.Bundles - 	Entry: C:\Users\lenovo\.p2\pool\plugins\org.eclipse.m2e.maven.runtime_3.9.900.20240824-1409\jars\maven-resolver-api-1.9.22.jar
2025-03-24 10:57:59,029 [Worker-6: Launching program6] INFO  o.eclipse.m2e.core.internal.Bundles - 	Entry: C:\Users\lenovo\.p2\pool\plugins\org.eclipse.m2e.maven.runtime_3.9.900.20240824-1409\jars\maven-resolver-connector-basic-1.9.22.jar
2025-03-24 10:57:59,029 [Worker-6: Launching program6] INFO  o.eclipse.m2e.core.internal.Bundles - 	Entry: C:\Users\lenovo\.p2\pool\plugins\org.eclipse.m2e.maven.runtime_3.9.900.20240824-1409\jars\maven-resolver-impl-1.9.22.jar
2025-03-24 10:57:59,030 [Worker-6: Launching program6] INFO  o.eclipse.m2e.core.internal.Bundles - 	Entry: C:\Users\lenovo\.p2\pool\plugins\org.eclipse.m2e.maven.runtime_3.9.900.20240824-1409\jars\maven-resolver-named-locks-1.9.22.jar
2025-03-24 10:57:59,030 [Worker-6: Launching program6] INFO  o.eclipse.m2e.core.internal.Bundles - 	Entry: C:\Users\lenovo\.p2\pool\plugins\org.eclipse.m2e.maven.runtime_3.9.900.20240824-1409\jars\maven-resolver-provider-3.9.9.jar
2025-03-24 10:57:59,030 [Worker-6: Launching program6] INFO  o.eclipse.m2e.core.internal.Bundles - 	Entry: C:\Users\lenovo\.p2\pool\plugins\org.eclipse.m2e.maven.runtime_3.9.900.20240824-1409\jars\maven-resolver-spi-1.9.22.jar
2025-03-24 10:57:59,030 [Worker-6: Launching program6] INFO  o.eclipse.m2e.core.internal.Bundles - 	Entry: C:\Users\lenovo\.p2\pool\plugins\org.eclipse.m2e.maven.runtime_3.9.900.20240824-1409\jars\maven-resolver-transport-file-1.9.22.jar
2025-03-24 10:57:59,030 [Worker-6: Launching program6] INFO  o.eclipse.m2e.core.internal.Bundles - 	Entry: C:\Users\lenovo\.p2\pool\plugins\org.eclipse.m2e.maven.runtime_3.9.900.20240824-1409\jars\maven-resolver-transport-http-1.9.22.jar
2025-03-24 10:57:59,031 [Worker-6: Launching program6] INFO  o.eclipse.m2e.core.internal.Bundles - 	Entry: C:\Users\lenovo\.p2\pool\plugins\org.eclipse.m2e.maven.runtime_3.9.900.20240824-1409\jars\maven-resolver-transport-wagon-1.9.22.jar
2025-03-24 10:57:59,031 [Worker-6: Launching program6] INFO  o.eclipse.m2e.core.internal.Bundles - 	Entry: C:\Users\lenovo\.p2\pool\plugins\org.eclipse.m2e.maven.runtime_3.9.900.20240824-1409\jars\maven-resolver-util-1.9.22.jar
2025-03-24 10:57:59,031 [Worker-6: Launching program6] INFO  o.eclipse.m2e.core.internal.Bundles - 	Entry: C:\Users\lenovo\.p2\pool\plugins\org.eclipse.m2e.maven.runtime_3.9.900.20240824-1409\jars\maven-settings-3.9.9.jar
2025-03-24 10:57:59,031 [Worker-6: Launching program6] INFO  o.eclipse.m2e.core.internal.Bundles - 	Entry: C:\Users\lenovo\.p2\pool\plugins\org.eclipse.m2e.maven.runtime_3.9.900.20240824-1409\jars\maven-settings-builder-3.9.9.jar
2025-03-24 10:57:59,031 [Worker-6: Launching program6] INFO  o.eclipse.m2e.core.internal.Bundles - 	Entry: C:\Users\lenovo\.p2\pool\plugins\org.eclipse.m2e.maven.runtime_3.9.900.20240824-1409\jars\maven-shared-utils-3.4.2.jar
2025-03-24 10:57:59,032 [Worker-6: Launching program6] INFO  o.eclipse.m2e.core.internal.Bundles - 	Entry: C:\Users\lenovo\.p2\pool\plugins\org.eclipse.m2e.maven.runtime_3.9.900.20240824-1409\jars\org.eclipse.sisu.inject-0.9.0.M3.jar
2025-03-24 10:57:59,032 [Worker-6: Launching program6] INFO  o.eclipse.m2e.core.internal.Bundles - 	Entry: C:\Users\lenovo\.p2\pool\plugins\org.eclipse.m2e.maven.runtime_3.9.900.20240824-1409\jars\org.eclipse.sisu.plexus-0.9.0.M3.jar
2025-03-24 10:57:59,032 [Worker-6: Launching program6] INFO  o.eclipse.m2e.core.internal.Bundles - 	Entry: C:\Users\lenovo\.p2\pool\plugins\org.eclipse.m2e.maven.runtime_3.9.900.20240824-1409\jars\plexus-build-api-0.0.7.jar
2025-03-24 10:57:59,032 [Worker-6: Launching program6] INFO  o.eclipse.m2e.core.internal.Bundles - 	Entry: C:\Users\lenovo\.p2\pool\plugins\org.eclipse.m2e.maven.runtime_3.9.900.20240824-1409\jars\plexus-build-api-1.2.0.jar
2025-03-24 10:57:59,032 [Worker-6: Launching program6] INFO  o.eclipse.m2e.core.internal.Bundles - 	Entry: C:\Users\lenovo\.p2\pool\plugins\org.eclipse.m2e.maven.runtime_3.9.900.20240824-1409\jars\plexus-cipher-2.0.jar
2025-03-24 10:57:59,033 [Worker-6: Launching program6] INFO  o.eclipse.m2e.core.internal.Bundles - 	Entry: C:\Users\lenovo\.p2\pool\plugins\org.eclipse.m2e.maven.runtime_3.9.900.20240824-1409\jars\plexus-classworlds-2.8.0.jar
2025-03-24 10:57:59,033 [Worker-6: Launching program6] INFO  o.eclipse.m2e.core.internal.Bundles - 	Entry: C:\Users\lenovo\.p2\pool\plugins\org.eclipse.m2e.maven.runtime_3.9.900.20240824-1409\jars\plexus-component-annotations-2.1.0.jar
2025-03-24 10:57:59,033 [Worker-6: Launching program6] INFO  o.eclipse.m2e.core.internal.Bundles - 	Entry: C:\Users\lenovo\.p2\pool\plugins\org.eclipse.m2e.maven.runtime_3.9.900.20240824-1409\jars\plexus-interpolation-1.27.jar
2025-03-24 10:57:59,033 [Worker-6: Launching program6] INFO  o.eclipse.m2e.core.internal.Bundles - 	Entry: C:\Users\lenovo\.p2\pool\plugins\org.eclipse.m2e.maven.runtime_3.9.900.20240824-1409\jars\plexus-sec-dispatcher-2.0.jar
2025-03-24 10:57:59,033 [Worker-6: Launching program6] INFO  o.eclipse.m2e.core.internal.Bundles - 	Entry: C:\Users\lenovo\.p2\pool\plugins\org.eclipse.m2e.maven.runtime_3.9.900.20240824-1409\jars\plexus-utils-3.5.1.jar
2025-03-24 10:57:59,033 [Worker-6: Launching program6] INFO  o.eclipse.m2e.core.internal.Bundles - 	Entry: C:\Users\lenovo\.p2\pool\plugins\org.eclipse.m2e.maven.runtime_3.9.900.20240824-1409\jars\plexus-xml-3.0.1.jar
2025-03-24 10:57:59,034 [Worker-6: Launching program6] INFO  o.eclipse.m2e.core.internal.Bundles - 	Entry: C:\Users\lenovo\.p2\pool\plugins\org.eclipse.m2e.maven.runtime_3.9.900.20240824-1409\jars\wagon-file-3.5.3.jar
2025-03-24 10:57:59,034 [Worker-6: Launching program6] INFO  o.eclipse.m2e.core.internal.Bundles - 	Entry: C:\Users\lenovo\.p2\pool\plugins\org.eclipse.m2e.maven.runtime_3.9.900.20240824-1409\jars\wagon-http-3.5.3.jar
2025-03-24 10:57:59,034 [Worker-6: Launching program6] INFO  o.eclipse.m2e.core.internal.Bundles - 	Entry: C:\Users\lenovo\.p2\pool\plugins\org.eclipse.m2e.maven.runtime_3.9.900.20240824-1409\jars\wagon-http-shared-3.5.3.jar
2025-03-24 10:57:59,034 [Worker-6: Launching program6] INFO  o.eclipse.m2e.core.internal.Bundles - 	Entry: C:\Users\lenovo\.p2\pool\plugins\org.eclipse.m2e.maven.runtime_3.9.900.20240824-1409\jars\wagon-provider-api-3.5.3.jar
2025-03-24 10:57:59,035 [Worker-6: Launching program6] INFO  o.eclipse.m2e.core.internal.Bundles - getClasspathEntries(Bundle=com.google.guava_33.3.1.jre [10])
2025-03-24 10:57:59,035 [Worker-6: Launching program6] INFO  o.eclipse.m2e.core.internal.Bundles - 	Entry: C:\Users\lenovo\.p2\pool\plugins\com.google.guava_33.3.1.jre.jar
2025-03-24 10:57:59,035 [Worker-6: Launching program6] INFO  o.eclipse.m2e.core.internal.Bundles - getClasspathEntries(Bundle=slf4j.api_2.0.16 [522])
2025-03-24 10:57:59,035 [Worker-6: Launching program6] INFO  o.eclipse.m2e.core.internal.Bundles - 	Entry: C:\Users\lenovo\.p2\pool\plugins\slf4j.api_2.0.16.jar
2025-03-24 10:57:59,036 [Worker-6: Launching program6] INFO  o.eclipse.m2e.core.internal.Bundles - getClasspathEntries(Bundle=jakarta.inject.jakarta.inject-api_1.0.5 [22])
2025-03-24 10:57:59,036 [Worker-6: Launching program6] INFO  o.eclipse.m2e.core.internal.Bundles - 	Entry: C:\Users\lenovo\.p2\pool\plugins\jakarta.inject.jakarta.inject-api_1.0.5.jar
2025-03-24 10:57:59,036 [Worker-6: Launching program6] INFO  o.eclipse.m2e.core.internal.Bundles - getClasspathEntries(Bundle=jakarta.annotation-api_1.3.5 [20])
2025-03-24 10:57:59,036 [Worker-6: Launching program6] INFO  o.eclipse.m2e.core.internal.Bundles - 	Entry: C:\Users\lenovo\.p2\pool\plugins\jakarta.annotation-api_1.3.5.jar
2025-03-24 10:57:59,036 [Worker-6: Launching program6] INFO  o.eclipse.m2e.core.internal.Bundles - getClasspathEntries(Bundle=org.apache.commons.cli_1.9.0 [47])
2025-03-24 10:57:59,037 [Worker-6: Launching program6] INFO  o.eclipse.m2e.core.internal.Bundles - 	Entry: C:\Users\lenovo\.p2\pool\plugins\org.apache.commons.cli_1.9.0.jar
2025-03-24 10:57:59,037 [Worker-6: Launching program6] INFO  o.eclipse.m2e.core.internal.Bundles - getClasspathEntries(Bundle=org.apache.commons.commons-codec_1.16.0 [50])
2025-03-24 10:57:59,037 [Worker-6: Launching program6] INFO  o.eclipse.m2e.core.internal.Bundles - 	Entry: C:\Users\lenovo\.p2\pool\plugins\org.apache.commons.commons-codec_1.16.0.jar
2025-03-24 10:57:59,037 [Worker-6: Launching program6] INFO  o.eclipse.m2e.core.internal.Bundles - getClasspathEntries(Bundle=com.google.guava.failureaccess_1.0.2 [11])
2025-03-24 10:57:59,037 [Worker-6: Launching program6] INFO  o.eclipse.m2e.core.internal.Bundles - 	Entry: C:\Users\lenovo\.p2\pool\plugins\com.google.guava.failureaccess_1.0.2.jar
2025-03-24 10:57:59,039 [Worker-6: Launching program6] INFO  o.e.m.i.launch.MavenLaunchDelegate - Run build in "C:\Users\lenovo\Documents\Devops_Lab\LAB6\program6":
2025-03-24 10:57:59,041 [Worker-6: Launching program6] INFO  o.e.m.i.launch.MavenLaunchDelegate -  mvn  -B -Dstyle.color=always package
